<?xml version="1.0" encoding="UTF-8"?>
<!-- Generated by org.testng.reporters.JUnitReportReporter -->
<testsuite hostname="BISWA" failures="0" tests="1" name="TestScript.ActiTimeDropdownTest" time="19.412" errors="0" timestamp="2023-02-22T16:13:22 IST" skipped="0">
  <testcase classname="TestScript.ActiTimeDropdownTest" name="DropDown" time="19.412"/>
  <system-out/>
</testsuite> <!-- TestScript.ActiTimeDropdownTest -->
